[debug] [2025-08-30T02:11:45.990Z] ----------------------------------------------------------------------
[debug] [2025-08-30T02:11:45.996Z] Command:       C:\Program Files\nodejs\node.exe C:\Users\kimdaesoo\AppData\Roaming\npm\node_modules\firebase-tools\lib\bin\firebase.js projects:list
[debug] [2025-08-30T02:11:45.997Z] CLI Version:   14.12.0
[debug] [2025-08-30T02:11:45.997Z] Platform:      win32
[debug] [2025-08-30T02:11:45.997Z] Node Version:  v22.16.0
[debug] [2025-08-30T02:11:45.998Z] Time:          Sat Aug 30 2025 11:11:45 GMT+0900 (대한민국 표준시)
[debug] [2025-08-30T02:11:45.998Z] ----------------------------------------------------------------------
[debug] 
[debug] [2025-08-30T02:11:46.005Z] >>> [apiv2][query] GET https://firebase-public.firebaseio.com/cli.json [none]
[debug] [2025-08-30T02:11:46.097Z] > command requires scopes: ["email","openid","https://www.googleapis.com/auth/cloudplatformprojects.readonly","https://www.googleapis.com/auth/firebase","https://www.googleapis.com/auth/cloud-platform"]
[debug] [2025-08-30T02:11:46.098Z] > authorizing via signed-in user (musue6481@gmail.com)
[debug] [2025-08-30T02:11:46.104Z] Checked if tokens are valid: false, expires at: 1754755827377
[debug] [2025-08-30T02:11:46.104Z] Checked if tokens are valid: false, expires at: 1754755827377
[debug] [2025-08-30T02:11:46.105Z] > refreshing access token with scopes: []
[debug] [2025-08-30T02:11:46.107Z] >>> [apiv2][query] POST https://www.googleapis.com/oauth2/v3/token [none]
[debug] [2025-08-30T02:11:46.107Z] >>> [apiv2][body] POST https://www.googleapis.com/oauth2/v3/token [omitted]
[debug] [2025-08-30T02:11:46.343Z] <<< [apiv2][status] POST https://www.googleapis.com/oauth2/v3/token 400
[debug] [2025-08-30T02:11:46.344Z] <<< [apiv2][body] POST https://www.googleapis.com/oauth2/v3/token [omitted]
[debug] [2025-08-30T02:11:46.345Z] >>> [apiv2][query] GET https://firebase.googleapis.com/v1beta1/projects pageSize=1000
[debug] [2025-08-30T02:11:46.506Z] <<< [apiv2][status] GET https://firebase-public.firebaseio.com/cli.json 200
[debug] [2025-08-30T02:11:46.506Z] <<< [apiv2][body] GET https://firebase-public.firebaseio.com/cli.json {"cloudBuildErrorAfter":1594252800000,"cloudBuildWarnAfter":1590019200000,"defaultNode10After":1594252800000,"minVersion":"3.0.5","node8DeploysDisabledAfter":1613390400000,"node8RuntimeDisabledAfter":1615809600000,"node8WarnAfter":1600128000000}
[debug] [2025-08-30T02:11:46.563Z] <<< [apiv2][status] GET https://firebase.googleapis.com/v1beta1/projects 401
[debug] [2025-08-30T02:11:46.564Z] <<< [apiv2][body] GET https://firebase.googleapis.com/v1beta1/projects [omitted]
[debug] [2025-08-30T02:11:46.564Z] Got a 401 Unauthenticated error for a call that required authentication. Refreshing tokens.
[debug] [2025-08-30T02:11:46.564Z] Checked if tokens are valid: false, expires at: 1754755827377
[debug] [2025-08-30T02:11:46.564Z] Checked if tokens are valid: false, expires at: 1754755827377
[debug] [2025-08-30T02:11:46.564Z] > refreshing access token with scopes: []
[debug] [2025-08-30T02:11:46.564Z] >>> [apiv2][query] POST https://www.googleapis.com/oauth2/v3/token [none]
[debug] [2025-08-30T02:11:46.564Z] >>> [apiv2][body] POST https://www.googleapis.com/oauth2/v3/token [omitted]
[debug] [2025-08-30T02:11:46.655Z] <<< [apiv2][status] POST https://www.googleapis.com/oauth2/v3/token 400
[debug] [2025-08-30T02:11:46.655Z] <<< [apiv2][body] POST https://www.googleapis.com/oauth2/v3/token [omitted]
[debug] [2025-08-30T02:11:46.657Z] Request to https://firebase.googleapis.com/v1beta1/projects?pageSize=1000 had HTTP Error: 401, Request had invalid authentication credentials. Expected OAuth 2 access token, login cookie or other valid authentication credential. See https://developers.google.com/identity/sign-in/web/devconsole-project.
[debug] [2025-08-30T02:11:46.872Z] FirebaseError: Request to https://firebase.googleapis.com/v1beta1/projects?pageSize=1000 had HTTP Error: 401, Request had invalid authentication credentials. Expected OAuth 2 access token, login cookie or other valid authentication credential. See https://developers.google.com/identity/sign-in/web/devconsole-project.
    at responseToError (C:\Users\kimdaesoo\AppData\Roaming\npm\node_modules\firebase-tools\lib\responseToError.js:52:12)
    at RetryOperation._fn (C:\Users\kimdaesoo\AppData\Roaming\npm\node_modules\firebase-tools\lib\apiv2.js:312:77)
    at process.processTicksAndRejections (node:internal/process/task_queues:105:5)
[error] 
[error] Error: Failed to list Firebase projects. See firebase-debug.log for more info.
